<?xml version="1.0" encoding="UTF-8"?>
<testng-results skipped="0" failed="0" ignored="0" total="1" passed="1">
  <reporter-output>
  </reporter-output>
  <suite name="Default suite" duration-ms="1723" started-at="2022-12-23T00:03:42Z" finished-at="2022-12-23T00:03:44Z">
    <groups>
    </groups>
    <test name="Default test" duration-ms="1723" started-at="2022-12-23T00:03:42Z" finished-at="2022-12-23T00:03:44Z">
      <class name="testCases.TC001_getEmployee">
        <test-method status="PASS" signature="setup()[pri:0, instance:testCases.TC001_getEmployee@f9296d]" name="setup" is-config="true" duration-ms="549" started-at="2022-12-23T00:03:42Z" finished-at="2022-12-23T00:03:42Z">
          <reporter-output>
          </reporter-output>
        </test-method> <!-- setup -->
        <test-method status="PASS" signature="test_getEmployee()[pri:0, instance:testCases.TC001_getEmployee@f9296d]" name="test_getEmployee" duration-ms="1144" started-at="2022-12-23T00:03:42Z" finished-at="2022-12-23T00:03:44Z">
          <reporter-output>
          </reporter-output>
        </test-method> <!-- test_getEmployee -->
      </class> <!-- testCases.TC001_getEmployee -->
    </test> <!-- Default test -->
  </suite> <!-- Default suite -->
</testng-results>
